Using pre-set license
Built from '2020.3/release' branch; Version is '2020.3.12f1 (b3b2c6512326) revision 11776710'; Using compiler version '192528614'; Build Type 'Release'
OS: 'Windows 10 Pro; OS build 19043.1110; Version 2009; 64bit' Language: 'en' Physical Memory: 16254 MB
BatchMode: 1, IsHumanControllingUs: 0, StartBugReporterOnCrash: 0, Is64bit: 1, IsPro: 0

 COMMAND LINE ARGUMENTS:
F:\Program Files\2020.3.12f1\Editor\Unity.exe
-adb2
-batchMode
-noUpm
-name
AssetImportWorker0
-projectPath
F:/Projects/TankSlayer
-logFile
Logs/AssetImportWorker0.log
-srvPort
50180
Successfully changed project path to: F:/Projects/TankSlayer
F:/Projects/TankSlayer
Using Asset Import Pipeline V2.
Refreshing native plugins compatible for Editor in 50.78 ms, found 2 plugins.
Preloading 0 native plugins for Editor in 0.00 ms.
Initialize engine version: 2020.3.12f1 (b3b2c6512326)
[Subsystems] Discovering subsystems at path F:/Program Files/2020.3.12f1/Editor/Data/Resources/UnitySubsystems
[Subsystems] Discovering subsystems at path F:/Projects/TankSlayer/Assets
GfxDevice: creating device client; threaded=0
Direct3D:
    Version:  Direct3D 11.0 [level 11.1]
    Renderer: NVIDIA GeForce GTX 1050 Ti (ID=0x1c82)
    Vendor:   
    VRAM:     4018 MB
    Driver:   27.21.14.6663
Initialize mono
Mono path[0] = 'F:/Program Files/2020.3.12f1/Editor/Data/Managed'
Mono path[1] = 'F:/Program Files/2020.3.12f1/Editor/Data/MonoBleedingEdge/lib/mono/unityjit'
Mono config path = 'F:/Program Files/2020.3.12f1/Editor/Data/MonoBleedingEdge/etc'
Using monoOptions --debugger-agent=transport=dt_socket,embedding=1,server=y,suspend=n,address=127.0.0.1:56180
Begin MonoManager ReloadAssembly
Registering precompiled unity dll's ...
Register platform support module: F:/Program Files/2020.3.12f1/Editor/Data/PlaybackEngines/WindowsStandaloneSupport/UnityEditor.WindowsStandalone.Extensions.dll
Registered in 0.001207 seconds.
Native extension for WindowsStandalone target not found
Refreshing native plugins compatible for Editor in 46.87 ms, found 2 plugins.
Preloading 0 native plugins for Editor in 0.00 ms.
Mono: successfully reloaded assembly
- Completed reload, in  2.435 seconds
Platform modules already initialized, skipping
Registering precompiled user dll's ...
Registered in 0.004952 seconds.
Begin MonoManager ReloadAssembly
Native extension for WindowsStandalone target not found
Refreshing native plugins compatible for Editor in 0.69 ms, found 2 plugins.
Preloading 0 native plugins for Editor in 0.00 ms.
Mono: successfully reloaded assembly
- Completed reload, in  1.114 seconds
Platform modules already initialized, skipping
========================================================================
Worker process is ready to serve import requests
Launched and connected shader compiler UnityShaderCompiler.exe after 0.10 seconds
Refreshing native plugins compatible for Editor in 0.71 ms, found 2 plugins.
Preloading 0 native plugins for Editor in 0.00 ms.
Unloading 2077 Unused Serialized files (Serialized files now loaded: 0)
System memory in use before: 90.0 MB.
System memory in use after: 90.1 MB.

Unloading 58 unused Assets to reduce memory usage. Loaded Objects now: 2484.
Total: 5.591800 ms (FindLiveObjects: 0.167800 ms CreateObjectMapping: 0.064400 ms MarkObjects: 5.267800 ms  DeleteObjects: 0.090700 ms)

AssetImportParameters requested are different than current active one (requested -> active):
  custom:framework-win-MediaFoundation: 216162199b28c13a410421893ffa2e32 -> 
  custom:video-decoder-ogg-theora: a1e56fd34408186e4bbccfd4996cb3dc -> 
  custom:container-muxer-webm: aa71ff27fc2769a1b78a27578f13a17b -> 
  custom:container-demuxer-webm: 4f35f7cbe854078d1ac9338744f61a02 -> 
  custom:container-demuxer-ogg: 62fdf1f143b41e24485cea50d1cbac27 -> 
  custom:video-encoder-webm-vp8: eb34c28f22e8b96e1ab97ce403110664 -> 
  custom:video-decoder-webm-vp8: 9c59270c3fd7afecdb556c50c9e8de78 -> 
  custom:audio-decoder-ogg-vorbis: bf7c407c2cedff20999df2af8eb42d56 -> 
  custom:audio-encoder-webm-vorbis: bf7c407c2cedff20999df2af8eb42d56 -> 
========================================================================
Received Import Request.
  path: Assets/Scripts/MVC/BulletMVC/BulletView.cs
  artifactKey: Guid(7461b1983e5536e46988f2f7ee064a43) Importer(815301076,1909f56bfc062723c751e8b465ee728b)
Start importing Assets/Scripts/MVC/BulletMVC/BulletView.cs using Guid(7461b1983e5536e46988f2f7ee064a43) Importer(815301076,1909f56bfc062723c751e8b465ee728b)  -> (artifact id: 'dea4e0eb4e939cd05a7eb54637c33fcf') in 0.023343 seconds 
  Import took 0.026500 seconds .

========================================================================
Received Import Request.
  Time since last request: 0.000246 seconds.
  path: Assets/Scripts/MVC/BulletMVC/BulletModel.cs
  artifactKey: Guid(004febfe28176374999dcbe64a229468) Importer(815301076,1909f56bfc062723c751e8b465ee728b)
Start importing Assets/Scripts/MVC/BulletMVC/BulletModel.cs using Guid(004febfe28176374999dcbe64a229468) Importer(815301076,1909f56bfc062723c751e8b465ee728b)  -> (artifact id: '9f8070642e930fe6a7e1ee92fcb04948') in 0.008963 seconds 
  Import took 0.011991 seconds .

========================================================================
Received Import Request.
  Time since last request: 0.000238 seconds.
  path: Assets/Scripts/MVC/BulletMVC/BulletService.cs
  artifactKey: Guid(8455ce9728711da4d9c96721394798aa) Importer(815301076,1909f56bfc062723c751e8b465ee728b)
Start importing Assets/Scripts/MVC/BulletMVC/BulletService.cs using Guid(8455ce9728711da4d9c96721394798aa) Importer(815301076,1909f56bfc062723c751e8b465ee728b)  -> (artifact id: '89b62abbaa2a651305ead425513b9fbc') in 0.006197 seconds 
  Import took 0.009077 seconds .

========================================================================
Received Import Request.
  Time since last request: 5.207632 seconds.
  path: Assets/Scripts/MVC/TankMVC/TankController.cs
  artifactKey: Guid(38fbd1ef40deebb4287b242b0e56f279) Importer(815301076,1909f56bfc062723c751e8b465ee728b)
Start importing Assets/Scripts/MVC/TankMVC/TankController.cs using Guid(38fbd1ef40deebb4287b242b0e56f279) Importer(815301076,1909f56bfc062723c751e8b465ee728b)  -> (artifact id: '29c368493fb77e25bc316fc7b1605b23') in 0.007325 seconds 
  Import took 0.011110 seconds .

========================================================================
Received Import Request.
  Time since last request: 0.001110 seconds.
  path: Assets/Scripts/MVC/TankMVC/TankController.cs
  artifactKey: Guid(38fbd1ef40deebb4287b242b0e56f279) Importer(815301076,1909f56bfc062723c751e8b465ee728b)
Start importing Assets/Scripts/MVC/TankMVC/TankController.cs using Guid(38fbd1ef40deebb4287b242b0e56f279) Importer(815301076,1909f56bfc062723c751e8b465ee728b)  -> (artifact id: '29c368493fb77e25bc316fc7b1605b23') in 0.003284 seconds 
  Import took 0.006680 seconds .

========================================================================
Received Import Request.
  Time since last request: 2.574861 seconds.
  path: Assets/Scripts/MVC/TankMVC/TankModel.cs
  artifactKey: Guid(eb8df07428868864c97feff52cadb865) Importer(815301076,1909f56bfc062723c751e8b465ee728b)
Start importing Assets/Scripts/MVC/TankMVC/TankModel.cs using Guid(eb8df07428868864c97feff52cadb865) Importer(815301076,1909f56bfc062723c751e8b465ee728b)  -> (artifact id: '73d61db865ac6d75a538b01eb8b7c464') in 0.006887 seconds 
  Import took 0.010341 seconds .

========================================================================
Received Import Request.
  Time since last request: 0.000325 seconds.
  path: Assets/Scripts/MVC/TankMVC/TankModel.cs
  artifactKey: Guid(eb8df07428868864c97feff52cadb865) Importer(815301076,1909f56bfc062723c751e8b465ee728b)
Start importing Assets/Scripts/MVC/TankMVC/TankModel.cs using Guid(eb8df07428868864c97feff52cadb865) Importer(815301076,1909f56bfc062723c751e8b465ee728b)  -> (artifact id: '73d61db865ac6d75a538b01eb8b7c464') in 0.002015 seconds 
  Import took 0.005934 seconds .

========================================================================
Received Import Request.
  Time since last request: 0.828154 seconds.
  path: Assets/Scripts/MVC/TankMVC/TankService.cs
  artifactKey: Guid(5226682e41ec2484ebb81f879637967e) Importer(815301076,1909f56bfc062723c751e8b465ee728b)
Start importing Assets/Scripts/MVC/TankMVC/TankService.cs using Guid(5226682e41ec2484ebb81f879637967e) Importer(815301076,1909f56bfc062723c751e8b465ee728b)  -> (artifact id: '990db6446e460146eb0a0015190128e2') in 0.007657 seconds 
  Import took 0.011931 seconds .

========================================================================
Received Import Request.
  Time since last request: 0.001350 seconds.
  path: Assets/Scripts/MVC/TankMVC/TankService.cs
  artifactKey: Guid(5226682e41ec2484ebb81f879637967e) Importer(815301076,1909f56bfc062723c751e8b465ee728b)
Start importing Assets/Scripts/MVC/TankMVC/TankService.cs using Guid(5226682e41ec2484ebb81f879637967e) Importer(815301076,1909f56bfc062723c751e8b465ee728b)  -> (artifact id: '990db6446e460146eb0a0015190128e2') in 0.016629 seconds 
  Import took 0.020965 seconds .

========================================================================
Received Import Request.
  Time since last request: 1.168350 seconds.
  path: Assets/Scripts/MVC/TankMVC/TankView.cs
  artifactKey: Guid(44b8dd77ffe8e1f43861f393bda537a5) Importer(815301076,1909f56bfc062723c751e8b465ee728b)
Start importing Assets/Scripts/MVC/TankMVC/TankView.cs using Guid(44b8dd77ffe8e1f43861f393bda537a5) Importer(815301076,1909f56bfc062723c751e8b465ee728b)  -> (artifact id: '8b9d9d299b1e9530f56b7c8f8a8d2275') in 0.006021 seconds 
  Import took 0.009547 seconds .

========================================================================
Received Prepare
Registering precompiled user dll's ...
Registered in 0.004715 seconds.
Begin MonoManager ReloadAssembly
Native extension for WindowsStandalone target not found
Refreshing native plugins compatible for Editor in 0.68 ms, found 2 plugins.
Preloading 0 native plugins for Editor in 0.00 ms.
Mono: successfully reloaded assembly
- Completed reload, in  1.075 seconds
Platform modules already initialized, skipping
Switching build target platform(19) subTarget(0) extendedPlatform(0) -> platform(13) subTarget(589824) extendedPlatform(0)
Refreshing native plugins compatible for Editor in 0.64 ms, found 2 plugins.
Preloading 0 native plugins for Editor in 0.00 ms.
Unloading 2041 Unused Serialized files (Serialized files now loaded: 0)
System memory in use before: 85.9 MB.
System memory in use after: 86.0 MB.

Unloading 49 unused Assets to reduce memory usage. Loaded Objects now: 2487.
Total: 5.097300 ms (FindLiveObjects: 0.177400 ms CreateObjectMapping: 0.071200 ms MarkObjects: 4.816700 ms  DeleteObjects: 0.030800 ms)

AssetImportParameters requested are different than current active one (requested -> active):
  custom:framework-win-MediaFoundation: 216162199b28c13a410421893ffa2e32 -> 
  custom:video-decoder-ogg-theora: a1e56fd34408186e4bbccfd4996cb3dc -> 
  custom:container-muxer-webm: aa71ff27fc2769a1b78a27578f13a17b -> 
  custom:container-demuxer-webm: 4f35f7cbe854078d1ac9338744f61a02 -> 
  custom:container-demuxer-ogg: 62fdf1f143b41e24485cea50d1cbac27 -> 
  custom:video-encoder-webm-vp8: eb34c28f22e8b96e1ab97ce403110664 -> 
  custom:video-decoder-webm-vp8: 9c59270c3fd7afecdb556c50c9e8de78 -> 
  custom:graphics/normal-map-encoding: 01000000000000000000000000000000 -> 02000000000000000000000000000000
  custom:audio-decoder-ogg-vorbis: bf7c407c2cedff20999df2af8eb42d56 -> 
  custom:audio-encoder-webm-vorbis: bf7c407c2cedff20999df2af8eb42d56 -> 
========================================================================
Received Prepare
Registering precompiled user dll's ...
Registered in 0.005213 seconds.
Begin MonoManager ReloadAssembly
Native extension for WindowsStandalone target not found
Refreshing native plugins compatible for Editor in 1.52 ms, found 2 plugins.
Preloading 0 native plugins for Editor in 0.00 ms.
Mono: successfully reloaded assembly
- Completed reload, in  1.060 seconds
Platform modules already initialized, skipping
Switching build target platform(19) subTarget(0) extendedPlatform(0) -> platform(13) subTarget(589824) extendedPlatform(0)
Refreshing native plugins compatible for Editor in 0.68 ms, found 2 plugins.
Preloading 0 native plugins for Editor in 0.00 ms.
Unloading 2041 Unused Serialized files (Serialized files now loaded: 0)
System memory in use before: 85.9 MB.
System memory in use after: 86.0 MB.

Unloading 49 unused Assets to reduce memory usage. Loaded Objects now: 2490.
Total: 5.458000 ms (FindLiveObjects: 0.178900 ms CreateObjectMapping: 0.070900 ms MarkObjects: 5.178600 ms  DeleteObjects: 0.028500 ms)

AssetImportParameters requested are different than current active one (requested -> active):
  custom:framework-win-MediaFoundation: 216162199b28c13a410421893ffa2e32 -> 
  custom:video-decoder-ogg-theora: a1e56fd34408186e4bbccfd4996cb3dc -> 
  custom:container-muxer-webm: aa71ff27fc2769a1b78a27578f13a17b -> 
  custom:container-demuxer-webm: 4f35f7cbe854078d1ac9338744f61a02 -> 
  custom:container-demuxer-ogg: 62fdf1f143b41e24485cea50d1cbac27 -> 
  custom:video-encoder-webm-vp8: eb34c28f22e8b96e1ab97ce403110664 -> 
  custom:video-decoder-webm-vp8: 9c59270c3fd7afecdb556c50c9e8de78 -> 
  custom:graphics/normal-map-encoding: 01000000000000000000000000000000 -> 02000000000000000000000000000000
  custom:audio-decoder-ogg-vorbis: bf7c407c2cedff20999df2af8eb42d56 -> 
  custom:audio-encoder-webm-vorbis: bf7c407c2cedff20999df2af8eb42d56 -> 
========================================================================
Received Prepare
Registering precompiled user dll's ...
Registered in 0.005843 seconds.
Begin MonoManager ReloadAssembly
Native extension for WindowsStandalone target not found
Refreshing native plugins compatible for Editor in 0.66 ms, found 2 plugins.
Preloading 0 native plugins for Editor in 0.00 ms.
Mono: successfully reloaded assembly
- Completed reload, in  0.978 seconds
Platform modules already initialized, skipping
Switching build target platform(19) subTarget(0) extendedPlatform(0) -> platform(13) subTarget(589824) extendedPlatform(0)
Refreshing native plugins compatible for Editor in 0.70 ms, found 2 plugins.
Preloading 0 native plugins for Editor in 0.00 ms.
Unloading 2041 Unused Serialized files (Serialized files now loaded: 0)
System memory in use before: 85.9 MB.
System memory in use after: 86.0 MB.

Unloading 49 unused Assets to reduce memory usage. Loaded Objects now: 2493.
Total: 5.959800 ms (FindLiveObjects: 0.169400 ms CreateObjectMapping: 0.066200 ms MarkObjects: 5.695600 ms  DeleteObjects: 0.027400 ms)

AssetImportParameters requested are different than current active one (requested -> active):
  custom:framework-win-MediaFoundation: 216162199b28c13a410421893ffa2e32 -> 
  custom:video-decoder-ogg-theora: a1e56fd34408186e4bbccfd4996cb3dc -> 
  custom:container-muxer-webm: aa71ff27fc2769a1b78a27578f13a17b -> 
  custom:container-demuxer-webm: 4f35f7cbe854078d1ac9338744f61a02 -> 
  custom:container-demuxer-ogg: 62fdf1f143b41e24485cea50d1cbac27 -> 
  custom:video-encoder-webm-vp8: eb34c28f22e8b96e1ab97ce403110664 -> 
  custom:video-decoder-webm-vp8: 9c59270c3fd7afecdb556c50c9e8de78 -> 
  custom:graphics/normal-map-encoding: 01000000000000000000000000000000 -> 02000000000000000000000000000000
  custom:audio-decoder-ogg-vorbis: bf7c407c2cedff20999df2af8eb42d56 -> 
  custom:audio-encoder-webm-vorbis: bf7c407c2cedff20999df2af8eb42d56 -> 
